2025-09-12 17:10:22,449 - ProcessManager - INFO - Cleaning up zombie processes...
2025-09-12 17:10:22,458 - ProcessManager - INFO - Clearing port 3000...
2025-09-12 17:10:22,498 - ProcessManager - INFO - Killing process 16186 (python) on port 3000
2025-09-12 17:10:23,509 - ProcessManager - INFO - Port 3000 is now free
2025-09-12 17:10:23,509 - ProcessManager - INFO - Clearing port 5000...
2025-09-12 17:10:23,559 - ProcessManager - INFO - Killing process 15844 (node) on port 5000
2025-09-12 17:10:24,628 - ProcessManager - INFO - Port 5000 is now free
2025-09-12 17:10:51,724 - ProcessManager - INFO - Cleaning up zombie processes...
2025-09-12 17:10:51,724 - ProcessManager - INFO - Clearing port 3000...
2025-09-12 17:10:51,725 - ProcessManager - INFO - Port 3000 is now free
2025-09-12 17:10:51,726 - ProcessManager - INFO - Clearing port 5000...
2025-09-12 17:10:51,765 - ProcessManager - INFO - Killing process 18374 (node) on port 5000
2025-09-12 17:10:52,831 - ProcessManager - INFO - Port 5000 is now free
2025-09-12 17:10:55,103 - ProcessManager - INFO - Clearing port 3000...
2025-09-12 17:10:55,104 - ProcessManager - INFO - Port 3000 is now free
2025-09-12 17:10:55,105 - ProcessManager - INFO - Starting SocialX Backend on port 3000...
2025-09-12 17:10:58,125 - ProcessManager - ERROR - SocialX Backend failed to start
2025-09-12 17:10:58,125 - ProcessManager - ERROR - STDOUT: ⚠️ Web3.py not available. Install with: pip install web3
⚠️ Web3 not available, using fallback mode
✅ Web3 Contract Manager initialized successfully
🛡️ Signal handlers configured for graceful shutdown
🚀 Starting SocialX Web3 Backend API...
📡 HyperEVM RPC: https://rpc.hyperliquid.xyz/evm
💰 PlatformFees Contract: 0x6cef01075a2cdf548ba60ab69b3a2a2c8302172c
🏭 TokenFactory Contract: 0x7f3befd15d12bd7ec6796dc68f4f13ec41b96912
🔧 Feature Flags: {'token_factory_enabled': True, 'emergency_withdrawals_enabled': True, 'real_time_data_enabled': True}
❌ Port 3000 is already in use!
🔄 Attempting to clear port...
⚠️ Could not clear port automatically: [Errno 2] No such file or directory: 'lsof'
Please run: python process_manager.py cleanup

2025-09-12 17:10:58,126 - ProcessManager - INFO - Retrying in 2 seconds...
2025-09-12 17:11:00,126 - ProcessManager - INFO - Clearing port 3000...
2025-09-12 17:11:00,129 - ProcessManager - INFO - Port 3000 is now free
2025-09-12 17:11:00,129 - ProcessManager - INFO - Starting SocialX Backend on port 3000...
2025-09-12 17:11:03,143 - ProcessManager - ERROR - SocialX Backend failed to start
2025-09-12 17:11:03,144 - ProcessManager - ERROR - STDOUT: ⚠️ Web3.py not available. Install with: pip install web3
⚠️ Web3 not available, using fallback mode
✅ Web3 Contract Manager initialized successfully
🛡️ Signal handlers configured for graceful shutdown
🚀 Starting SocialX Web3 Backend API...
📡 HyperEVM RPC: https://rpc.hyperliquid.xyz/evm
💰 PlatformFees Contract: 0x6cef01075a2cdf548ba60ab69b3a2a2c8302172c
🏭 TokenFactory Contract: 0x7f3befd15d12bd7ec6796dc68f4f13ec41b96912
🔧 Feature Flags: {'token_factory_enabled': True, 'emergency_withdrawals_enabled': True, 'real_time_data_enabled': True}
❌ Port 3000 is already in use!
🔄 Attempting to clear port...
⚠️ Could not clear port automatically: [Errno 2] No such file or directory: 'lsof'
Please run: python process_manager.py cleanup

2025-09-12 17:11:03,144 - ProcessManager - INFO - Retrying in 4 seconds...
2025-09-12 17:11:07,145 - ProcessManager - INFO - Clearing port 3000...
2025-09-12 17:11:07,146 - ProcessManager - INFO - Port 3000 is now free
2025-09-12 17:11:07,147 - ProcessManager - INFO - Starting SocialX Backend on port 3000...
2025-09-12 17:13:46,677 - ProcessManager - INFO - Cleaning up zombie processes...
2025-09-12 17:13:46,678 - ProcessManager - INFO - Clearing port 3000...
2025-09-12 17:13:46,679 - ProcessManager - INFO - Port 3000 is now free
2025-09-12 17:13:46,679 - ProcessManager - INFO - Clearing port 5000...
2025-09-12 17:13:46,695 - ProcessManager - INFO - Killing process 18778 (node) on port 5000
2025-09-12 17:13:47,721 - ProcessManager - INFO - Port 5000 is now free
2025-09-12 17:13:47,833 - ProcessManager - INFO - Clearing port 3000...
2025-09-12 17:13:47,833 - ProcessManager - INFO - Port 3000 is now free
2025-09-12 17:13:47,834 - ProcessManager - INFO - Starting SocialX Backend on port 3000...
2025-09-12 17:13:50,838 - ProcessManager - INFO - SocialX Backend started successfully (PID: 19478)
2025-09-12 17:14:02,866 - ProcessManager - INFO - Cleaning up zombie processes...
2025-09-12 17:14:02,867 - ProcessManager - INFO - Clearing port 3000...
2025-09-12 17:14:02,880 - ProcessManager - INFO - Killing process 19478 (python) on port 3000
2025-09-12 17:14:07,917 - ProcessManager - WARNING - Process 19478 didn't terminate, forcing kill
2025-09-12 17:14:08,918 - ProcessManager - INFO - Port 3000 is now free
2025-09-12 17:14:08,918 - ProcessManager - INFO - Clearing port 5000...
2025-09-12 17:14:08,919 - ProcessManager - INFO - Port 5000 is now free
2025-09-12 17:14:09,417 - ProcessManager - INFO - Cleaning up zombie processes...
2025-09-12 17:14:09,417 - ProcessManager - INFO - Clearing port 3000...
2025-09-12 17:14:09,417 - ProcessManager - INFO - Port 3000 is now free
2025-09-12 17:14:09,417 - ProcessManager - INFO - Clearing port 5000...
2025-09-12 17:14:09,417 - ProcessManager - INFO - Port 5000 is now free
2025-09-12 17:14:09,549 - ProcessManager - INFO - Clearing port 3000...
2025-09-12 17:14:09,549 - ProcessManager - INFO - Port 3000 is now free
2025-09-12 17:14:09,549 - ProcessManager - INFO - Starting SocialX Backend on port 3000...
2025-09-12 17:14:12,557 - ProcessManager - ERROR - SocialX Backend failed to start
2025-09-12 17:14:12,557 - ProcessManager - ERROR - STDOUT: ⚠️ Web3.py not available. Install with: pip install web3
⚠️ Web3 not available, using fallback mode
✅ Web3 Contract Manager initialized successfully
🛡️ Signal handlers configured for graceful shutdown
🚀 Starting SocialX Web3 Backend API...
📡 HyperEVM RPC: https://rpc.hyperliquid.xyz/evm
💰 PlatformFees Contract: 0x6cef01075a2cdf548ba60ab69b3a2a2c8302172c
🏭 TokenFactory Contract: 0x7f3befd15d12bd7ec6796dc68f4f13ec41b96912
🔧 Feature Flags: {'token_factory_enabled': True, 'emergency_withdrawals_enabled': True, 'real_time_data_enabled': True}
❌ Port 3000 is already in use!
🔄 Attempting to clear port...
⚠️ Could not clear port automatically: [Errno 2] No such file or directory: 'lsof'
Please run: python process_manager.py cleanup

2025-09-12 17:14:12,557 - ProcessManager - INFO - Retrying in 2 seconds...
2025-09-12 17:14:26,187 - ProcessManager - INFO - Cleaning up zombie processes...
2025-09-12 17:14:26,187 - ProcessManager - INFO - Clearing port 3000...
2025-09-12 17:14:26,187 - ProcessManager - INFO - Port 3000 is now free
2025-09-12 17:14:26,187 - ProcessManager - INFO - Clearing port 5000...
2025-09-12 17:14:26,188 - ProcessManager - INFO - Port 5000 is now free
2025-09-12 17:14:26,311 - ProcessManager - INFO - Clearing port 3000...
2025-09-12 17:14:26,311 - ProcessManager - INFO - Port 3000 is now free
2025-09-12 17:14:26,312 - ProcessManager - INFO - Starting SocialX Backend on port 3000...
2025-09-12 17:14:29,317 - ProcessManager - ERROR - SocialX Backend failed to start
2025-09-12 17:14:29,318 - ProcessManager - ERROR - STDOUT: ⚠️ Web3.py not available. Install with: pip install web3
⚠️ Web3 not available, using fallback mode
✅ Web3 Contract Manager initialized successfully
🛡️ Signal handlers configured for graceful shutdown
🚀 Starting SocialX Web3 Backend API...
📡 HyperEVM RPC: https://rpc.hyperliquid.xyz/evm
💰 PlatformFees Contract: 0x6cef01075a2cdf548ba60ab69b3a2a2c8302172c
🏭 TokenFactory Contract: 0x7f3befd15d12bd7ec6796dc68f4f13ec41b96912
🔧 Feature Flags: {'token_factory_enabled': True, 'emergency_withdrawals_enabled': True, 'real_time_data_enabled': True}
❌ Port 3000 is already in use!
🔄 Attempting to clear port...
⚠️ Could not clear port automatically: [Errno 2] No such file or directory: 'lsof'
Please run: python process_manager.py cleanup

2025-09-12 17:14:29,318 - ProcessManager - INFO - Retrying in 2 seconds...
2025-09-12 17:14:31,318 - ProcessManager - INFO - Clearing port 3000...
2025-09-12 17:14:31,318 - ProcessManager - INFO - Port 3000 is now free
2025-09-12 17:14:31,319 - ProcessManager - INFO - Starting SocialX Backend on port 3000...
2025-09-12 17:14:34,330 - ProcessManager - ERROR - SocialX Backend failed to start
2025-09-12 17:14:34,330 - ProcessManager - ERROR - STDOUT: ⚠️ Web3.py not available. Install with: pip install web3
⚠️ Web3 not available, using fallback mode
✅ Web3 Contract Manager initialized successfully
🛡️ Signal handlers configured for graceful shutdown
🚀 Starting SocialX Web3 Backend API...
📡 HyperEVM RPC: https://rpc.hyperliquid.xyz/evm
💰 PlatformFees Contract: 0x6cef01075a2cdf548ba60ab69b3a2a2c8302172c
🏭 TokenFactory Contract: 0x7f3befd15d12bd7ec6796dc68f4f13ec41b96912
🔧 Feature Flags: {'token_factory_enabled': True, 'emergency_withdrawals_enabled': True, 'real_time_data_enabled': True}
❌ Port 3000 is already in use!
🔄 Attempting to clear port...
⚠️ Could not clear port automatically: [Errno 2] No such file or directory: 'lsof'
Please run: python process_manager.py cleanup

2025-09-12 17:14:34,330 - ProcessManager - INFO - Retrying in 4 seconds...
2025-09-12 17:14:38,331 - ProcessManager - INFO - Clearing port 3000...
2025-09-12 17:14:38,331 - ProcessManager - INFO - Port 3000 is now free
2025-09-12 17:14:38,332 - ProcessManager - INFO - Starting SocialX Backend on port 3000...
2025-09-12 17:14:41,337 - ProcessManager - ERROR - SocialX Backend failed to start
2025-09-12 17:14:41,337 - ProcessManager - ERROR - STDOUT: ⚠️ Web3.py not available. Install with: pip install web3
⚠️ Web3 not available, using fallback mode
✅ Web3 Contract Manager initialized successfully
🛡️ Signal handlers configured for graceful shutdown
🚀 Starting SocialX Web3 Backend API...
📡 HyperEVM RPC: https://rpc.hyperliquid.xyz/evm
💰 PlatformFees Contract: 0x6cef01075a2cdf548ba60ab69b3a2a2c8302172c
🏭 TokenFactory Contract: 0x7f3befd15d12bd7ec6796dc68f4f13ec41b96912
🔧 Feature Flags: {'token_factory_enabled': True, 'emergency_withdrawals_enabled': True, 'real_time_data_enabled': True}
❌ Port 3000 is already in use!
🔄 Attempting to clear port...
⚠️ Could not clear port automatically: [Errno 2] No such file or directory: 'lsof'
Please run: python process_manager.py cleanup

2025-09-12 17:14:41,337 - ProcessManager - INFO - Retrying in 8 seconds...
2025-09-12 17:14:49,338 - ProcessManager - INFO - Clearing port 3000...
2025-09-12 17:14:49,338 - ProcessManager - INFO - Port 3000 is now free
2025-09-12 17:14:49,339 - ProcessManager - INFO - Starting SocialX Backend on port 3000...
2025-09-12 17:14:52,361 - ProcessManager - INFO - SocialX Backend started successfully (PID: 19687)
2025-09-12 17:15:12,406 - ProcessManager - INFO - Cleaning up zombie processes...
2025-09-12 17:15:12,412 - ProcessManager - INFO - Clearing port 3000...
2025-09-12 17:15:12,454 - ProcessManager - INFO - Killing process 19687 (python) on port 3000
2025-09-12 17:15:27,618 - ProcessManager - INFO - Cleaning up zombie processes...
2025-09-12 17:15:27,618 - ProcessManager - INFO - Clearing port 3000...
2025-09-12 17:15:27,618 - ProcessManager - INFO - Port 3000 is now free
2025-09-12 17:15:27,619 - ProcessManager - INFO - Clearing port 5000...
2025-09-12 17:15:27,619 - ProcessManager - INFO - Port 5000 is now free
2025-09-12 17:15:27,768 - ProcessManager - INFO - Clearing port 3000...
2025-09-12 17:15:27,769 - ProcessManager - INFO - Port 3000 is now free
2025-09-12 17:15:27,769 - ProcessManager - INFO - Starting SocialX Backend on port 3000...
2025-09-12 17:15:29,327 - ProcessManager - INFO - SocialX Backend is not running
2025-09-12 17:15:29,329 - ProcessManager - INFO - Clearing port 3000...
2025-09-12 17:15:29,356 - ProcessManager - INFO - Killing process 19844 (python) on port 3000
2025-09-12 17:15:30,775 - ProcessManager - INFO - SocialX Backend started successfully (PID: 19844)
2025-09-12 17:15:39,800 - ProcessManager - INFO - Cleaning up zombie processes...
2025-09-12 17:15:39,801 - ProcessManager - INFO - Clearing port 3000...
2025-09-12 17:15:39,810 - ProcessManager - INFO - Killing process 19844 (python) on port 3000
2025-09-12 17:15:44,848 - ProcessManager - WARNING - Process 19844 didn't terminate, forcing kill
2025-09-12 17:15:45,848 - ProcessManager - INFO - Port 3000 is now free
2025-09-12 17:15:45,849 - ProcessManager - INFO - Clearing port 5000...
2025-09-12 17:15:45,849 - ProcessManager - INFO - Port 5000 is now free
2025-09-12 17:15:45,982 - ProcessManager - INFO - Clearing port 3000...
2025-09-12 17:15:45,983 - ProcessManager - INFO - Port 3000 is now free
2025-09-12 17:15:45,984 - ProcessManager - INFO - Starting SocialX Backend on port 3000...
2025-09-12 17:15:48,991 - ProcessManager - INFO - SocialX Backend started successfully (PID: 19897)
2025-09-12 17:15:59,518 - ProcessManager - INFO - Cleaning up zombie processes...
2025-09-12 17:15:59,518 - ProcessManager - INFO - Clearing port 3000...
2025-09-12 17:15:59,525 - ProcessManager - INFO - Killing process 19897 (python) on port 3000
2025-09-12 17:16:04,537 - ProcessManager - WARNING - Process 19897 didn't terminate, forcing kill
2025-09-12 17:16:05,538 - ProcessManager - INFO - Port 3000 is now free
2025-09-12 17:16:05,538 - ProcessManager - INFO - Clearing port 5000...
2025-09-12 17:16:05,538 - ProcessManager - INFO - Port 5000 is now free
2025-09-12 17:16:06,055 - ProcessManager - INFO - Cleaning up zombie processes...
2025-09-12 17:16:06,055 - ProcessManager - INFO - Clearing port 3000...
2025-09-12 17:16:06,055 - ProcessManager - INFO - Port 3000 is now free
2025-09-12 17:16:06,055 - ProcessManager - INFO - Clearing port 5000...
2025-09-12 17:16:06,056 - ProcessManager - INFO - Port 5000 is now free
2025-09-12 17:16:06,166 - ProcessManager - INFO - Clearing port 3000...
2025-09-12 17:16:06,166 - ProcessManager - INFO - Port 3000 is now free
2025-09-12 17:16:06,166 - ProcessManager - INFO - Starting SocialX Backend on port 3000...
2025-09-12 17:16:09,171 - ProcessManager - INFO - SocialX Backend started successfully (PID: 19973)
2025-09-12 17:16:10,861 - ProcessManager - INFO - Clearing port 5000...
2025-09-12 17:16:10,862 - ProcessManager - INFO - Port 5000 is now free
2025-09-12 17:16:10,862 - ProcessManager - INFO - Starting SocialX Frontend on port 5000...
2025-09-12 17:16:13,867 - ProcessManager - INFO - SocialX Frontend started successfully (PID: 19988)
2025-09-12 17:18:51,688 - ProcessManager - INFO - SocialX Backend is not running
2025-09-12 17:18:51,694 - ProcessManager - INFO - Clearing port 3000...
2025-09-12 17:18:51,695 - ProcessManager - INFO - SocialX Frontend is not running
2025-09-12 17:18:51,695 - ProcessManager - INFO - Clearing port 5000...
2025-09-12 17:18:51,736 - ProcessManager - INFO - Killing process 20000 (node) on port 5000
2025-09-12 17:18:51,781 - ProcessManager - INFO - Killing process 19973 (python) on port 3000
2025-09-12 17:18:52,814 - ProcessManager - INFO - Port 5000 is now free
2025-09-12 17:19:35,014 - ProcessManager - INFO - Cleaning up zombie processes...
2025-09-12 17:19:35,014 - ProcessManager - INFO - Clearing port 3000...
2025-09-12 17:19:35,042 - ProcessManager - INFO - Killing process 19973 (python) on port 3000
2025-09-12 17:19:40,076 - ProcessManager - WARNING - Process 19973 didn't terminate, forcing kill
2025-09-12 17:19:41,077 - ProcessManager - INFO - Port 3000 is now free
2025-09-12 17:19:41,077 - ProcessManager - INFO - Clearing port 5000...
2025-09-12 17:19:41,078 - ProcessManager - INFO - Port 5000 is now free
2025-09-12 17:19:41,244 - ProcessManager - INFO - Clearing port 3000...
2025-09-12 17:19:41,244 - ProcessManager - INFO - Port 3000 is now free
2025-09-12 17:19:41,244 - ProcessManager - INFO - Starting SocialX Backend on port 3000...
2025-09-12 17:19:44,280 - ProcessManager - INFO - SocialX Backend started successfully (PID: 21339)
2025-09-12 17:20:00,591 - ProcessManager - INFO - Cleaning up zombie processes...
2025-09-12 17:20:00,591 - ProcessManager - INFO - Clearing port 3000...
2025-09-12 17:20:00,600 - ProcessManager - INFO - Killing process 21339 (python) on port 3000
2025-09-12 17:20:05,616 - ProcessManager - WARNING - Process 21339 didn't terminate, forcing kill
2025-09-12 17:20:06,617 - ProcessManager - INFO - Port 3000 is now free
2025-09-12 17:20:06,617 - ProcessManager - INFO - Clearing port 5000...
2025-09-12 17:20:06,617 - ProcessManager - INFO - Port 5000 is now free
2025-09-12 17:20:07,159 - ProcessManager - INFO - Cleaning up zombie processes...
2025-09-12 17:20:07,159 - ProcessManager - INFO - Clearing port 3000...
2025-09-12 17:20:07,159 - ProcessManager - INFO - Port 3000 is now free
2025-09-12 17:20:07,159 - ProcessManager - INFO - Clearing port 5000...
2025-09-12 17:20:07,160 - ProcessManager - INFO - Port 5000 is now free
2025-09-12 17:20:07,302 - ProcessManager - INFO - Clearing port 3000...
2025-09-12 17:20:07,303 - ProcessManager - INFO - Port 3000 is now free
2025-09-12 17:20:07,303 - ProcessManager - INFO - Starting SocialX Backend on port 3000...
2025-09-12 17:20:10,310 - ProcessManager - INFO - SocialX Backend started successfully (PID: 21417)
2025-09-12 17:20:11,809 - ProcessManager - INFO - Clearing port 5000...
2025-09-12 17:20:11,809 - ProcessManager - INFO - Port 5000 is now free
2025-09-12 17:20:11,810 - ProcessManager - INFO - Starting SocialX Frontend on port 5000...
2025-09-12 17:20:14,813 - ProcessManager - INFO - SocialX Frontend started successfully (PID: 21433)
2025-09-12 17:23:20,413 - ProcessManager - INFO - Cleaning up zombie processes...
2025-09-12 17:23:20,413 - ProcessManager - INFO - Clearing port 3000...
2025-09-12 17:23:20,427 - ProcessManager - INFO - Killing process 21417 (python) on port 3000
2025-09-12 17:23:25,449 - ProcessManager - WARNING - Process 21417 didn't terminate, forcing kill
2025-09-12 17:23:26,450 - ProcessManager - INFO - Port 3000 is now free
2025-09-12 17:23:26,451 - ProcessManager - INFO - Clearing port 5000...
2025-09-12 17:23:26,451 - ProcessManager - INFO - Port 5000 is now free
2025-09-12 17:23:26,635 - ProcessManager - INFO - Clearing port 5000...
2025-09-12 17:23:26,637 - ProcessManager - INFO - Port 5000 is now free
2025-09-12 17:23:26,637 - ProcessManager - INFO - Starting SocialX Frontend on port 5000...
2025-09-12 17:23:29,648 - ProcessManager - INFO - SocialX Frontend started successfully (PID: 22974)
2025-09-12 17:23:35,058 - ProcessManager - INFO - Restarting SocialX Backend...
2025-09-12 17:23:35,058 - ProcessManager - INFO - SocialX Backend is not running
2025-09-12 17:23:35,058 - ProcessManager - INFO - Clearing port 3000...
2025-09-12 17:23:35,058 - ProcessManager - INFO - Port 3000 is now free
2025-09-12 17:23:37,060 - ProcessManager - INFO - Clearing port 3000...
2025-09-12 17:23:37,060 - ProcessManager - INFO - Port 3000 is now free
2025-09-12 17:23:37,061 - ProcessManager - INFO - Starting SocialX Backend on port 3000...
2025-09-12 17:23:40,070 - ProcessManager - INFO - SocialX Backend started successfully (PID: 23014)
2025-09-12 17:26:15,595 - ProcessManager - INFO - Cleaning up zombie processes...
2025-09-12 17:26:15,595 - ProcessManager - INFO - Clearing port 3000...
2025-09-12 17:26:15,611 - ProcessManager - INFO - Killing process 23014 (python) on port 3000
2025-09-12 17:26:20,614 - ProcessManager - WARNING - Process 23014 didn't terminate, forcing kill
2025-09-12 17:26:20,731 - ProcessManager - INFO - Cleaning up zombie processes...
2025-09-12 17:26:20,731 - ProcessManager - INFO - Clearing port 3000...
2025-09-12 17:26:20,732 - ProcessManager - INFO - Port 3000 is now free
2025-09-12 17:26:20,732 - ProcessManager - INFO - Clearing port 5000...
2025-09-12 17:26:20,732 - ProcessManager - INFO - Port 5000 is now free
2025-09-12 17:26:20,865 - ProcessManager - INFO - Clearing port 3000...
2025-09-12 17:26:20,866 - ProcessManager - INFO - Port 3000 is now free
2025-09-12 17:26:20,866 - ProcessManager - INFO - Starting SocialX Backend on port 3000...
2025-09-12 17:26:21,614 - ProcessManager - ERROR - Port 3000 still in use after killing processes
2025-09-12 17:26:23,626 - ProcessManager - INFO - Killing process 24299 (python) on port 3000
2025-09-12 17:26:23,881 - ProcessManager - ERROR - SocialX Backend failed to start
2025-09-12 17:26:23,882 - ProcessManager - INFO - Retrying in 2 seconds...
2025-09-12 17:26:24,900 - ProcessManager - INFO - Port 3000 is now free
2025-09-12 17:26:24,900 - ProcessManager - INFO - Clearing port 5000...
2025-09-12 17:26:24,901 - ProcessManager - INFO - Port 5000 is now free
2025-09-12 17:26:25,012 - ProcessManager - INFO - Clearing port 5000...
2025-09-12 17:26:25,013 - ProcessManager - INFO - Port 5000 is now free
2025-09-12 17:26:25,014 - ProcessManager - INFO - Starting SocialX Frontend on port 5000...
2025-09-12 17:26:25,139 - ProcessManager - INFO - SocialX Frontend is not running
2025-09-12 17:26:25,139 - ProcessManager - INFO - Clearing port 5000...
2025-09-12 17:26:25,139 - ProcessManager - INFO - Port 5000 is now free
2025-09-12 17:26:25,883 - ProcessManager - INFO - Clearing port 3000...
2025-09-12 17:26:25,883 - ProcessManager - INFO - Port 3000 is now free
2025-09-12 17:26:25,884 - ProcessManager - INFO - Starting SocialX Backend on port 3000...
2025-09-12 17:26:28,888 - ProcessManager - INFO - SocialX Backend started successfully (PID: 24349)
2025-09-12 17:26:45,060 - ProcessManager - INFO - Cleaning up zombie processes...
2025-09-12 17:26:45,061 - ProcessManager - INFO - Clearing port 3000...
2025-09-12 17:26:45,071 - ProcessManager - INFO - Killing process 24349 (python) on port 3000
2025-09-12 17:26:50,108 - ProcessManager - WARNING - Process 24349 didn't terminate, forcing kill
2025-09-12 17:26:51,109 - ProcessManager - INFO - Port 3000 is now free
2025-09-12 17:26:51,109 - ProcessManager - INFO - Clearing port 5000...
2025-09-12 17:26:51,109 - ProcessManager - INFO - Port 5000 is now free
2025-09-12 17:26:51,580 - ProcessManager - INFO - Cleaning up zombie processes...
2025-09-12 17:26:51,580 - ProcessManager - INFO - Clearing port 3000...
2025-09-12 17:26:51,580 - ProcessManager - INFO - Port 3000 is now free
2025-09-12 17:26:51,580 - ProcessManager - INFO - Clearing port 5000...
2025-09-12 17:26:51,581 - ProcessManager - INFO - Port 5000 is now free
2025-09-12 17:26:51,724 - ProcessManager - INFO - Clearing port 3000...
2025-09-12 17:26:51,724 - ProcessManager - INFO - Port 3000 is now free
2025-09-12 17:26:51,725 - ProcessManager - INFO - Starting SocialX Backend on port 3000...
2025-09-12 17:26:54,739 - ProcessManager - INFO - SocialX Backend started successfully (PID: 24461)
2025-09-12 17:26:56,298 - ProcessManager - INFO - Clearing port 5000...
2025-09-12 17:26:56,299 - ProcessManager - INFO - Port 5000 is now free
2025-09-12 17:26:56,299 - ProcessManager - INFO - Starting SocialX Frontend on port 5000...
2025-09-12 17:26:58,888 - ProcessManager - INFO - SocialX Backend is not running
2025-09-12 17:26:58,888 - ProcessManager - INFO - Clearing port 3000...
2025-09-12 17:26:58,913 - ProcessManager - INFO - Killing process 24461 (python) on port 3000
2025-09-12 17:26:59,327 - ProcessManager - INFO - SocialX Frontend started successfully (PID: 24482)
2025-09-12 17:27:04,826 - ProcessManager - WARNING - SocialX Backend health check failed: HTTPConnectionPool(host='127.0.0.1', port=3000): Read timed out. (read timeout=5)
2025-09-12 17:27:04,826 - ProcessManager - WARNING - SocialX Backend started but health check failed
2025-09-12 17:27:16,008 - ProcessManager - INFO - Cleaning up zombie processes...
2025-09-12 17:27:16,008 - ProcessManager - INFO - Clearing port 3000...
2025-09-12 17:27:16,024 - ProcessManager - INFO - Killing process 24461 (python) on port 3000
2025-09-12 17:27:21,053 - ProcessManager - WARNING - Process 24461 didn't terminate, forcing kill
2025-09-12 17:27:22,056 - ProcessManager - INFO - Port 3000 is now free
2025-09-12 17:27:22,056 - ProcessManager - INFO - Clearing port 5000...
2025-09-12 17:27:22,057 - ProcessManager - INFO - Port 5000 is now free
2025-09-12 17:27:22,166 - ProcessManager - INFO - Clearing port 3000...
2025-09-12 17:27:22,167 - ProcessManager - INFO - Port 3000 is now free
2025-09-12 17:27:22,167 - ProcessManager - INFO - Starting SocialX Backend on port 3000...
2025-09-12 17:27:25,178 - ProcessManager - INFO - SocialX Backend started successfully (PID: 24575)
2025-09-12 17:27:34,656 - ProcessManager - INFO - Cleaning up zombie processes...
2025-09-12 17:27:34,656 - ProcessManager - INFO - Clearing port 3000...
2025-09-12 17:27:34,669 - ProcessManager - INFO - Killing process 24575 (python) on port 3000
2025-09-12 17:27:39,678 - ProcessManager - WARNING - Process 24575 didn't terminate, forcing kill
2025-09-12 17:27:40,680 - ProcessManager - INFO - Port 3000 is now free
2025-09-12 17:27:40,680 - ProcessManager - INFO - Clearing port 5000...
2025-09-12 17:27:40,680 - ProcessManager - INFO - Port 5000 is now free
2025-09-12 17:27:40,795 - ProcessManager - INFO - Clearing port 5000...
2025-09-12 17:27:40,795 - ProcessManager - INFO - Port 5000 is now free
2025-09-12 17:27:40,796 - ProcessManager - INFO - Starting SocialX Frontend on port 5000...
2025-09-12 17:27:43,805 - ProcessManager - INFO - SocialX Frontend started successfully (PID: 24609)
2025-09-12 17:27:49,152 - ProcessManager - INFO - Restarting SocialX Backend...
2025-09-12 17:27:49,152 - ProcessManager - INFO - SocialX Backend is not running
2025-09-12 17:27:49,153 - ProcessManager - INFO - Clearing port 3000...
2025-09-12 17:27:49,153 - ProcessManager - INFO - Port 3000 is now free
2025-09-12 17:27:51,153 - ProcessManager - INFO - Clearing port 3000...
2025-09-12 17:27:51,155 - ProcessManager - INFO - Port 3000 is now free
2025-09-12 17:27:51,156 - ProcessManager - INFO - Starting SocialX Backend on port 3000...
2025-09-12 17:27:54,169 - ProcessManager - INFO - SocialX Backend started successfully (PID: 24673)
2025-09-12 17:28:29,402 - ProcessManager - INFO - Cleaning up zombie processes...
2025-09-12 17:28:29,402 - ProcessManager - INFO - Clearing port 3000...
2025-09-12 17:28:29,414 - ProcessManager - INFO - Killing process 24673 (python) on port 3000
2025-09-12 17:28:34,003 - ProcessManager - INFO - Received signal 15, shutting down...
2025-09-12 17:28:34,004 - ProcessManager - INFO - Stopping all services...
2025-09-12 17:28:34,004 - ProcessManager - INFO - SocialX Backend is not running
2025-09-12 17:28:34,004 - ProcessManager - INFO - Clearing port 3000...
2025-09-12 17:28:34,013 - ProcessManager - INFO - Killing process 24673 (python) on port 3000
2025-09-12 17:28:39,042 - ProcessManager - WARNING - Process 24673 didn't terminate, forcing kill
2025-09-12 17:28:39,216 - ProcessManager - INFO - Cleaning up zombie processes...
2025-09-12 17:28:39,216 - ProcessManager - INFO - Clearing port 3000...
2025-09-12 17:28:39,217 - ProcessManager - INFO - Port 3000 is now free
2025-09-12 17:28:39,217 - ProcessManager - INFO - Clearing port 5000...
2025-09-12 17:28:39,217 - ProcessManager - INFO - Port 5000 is now free
2025-09-12 17:28:39,386 - ProcessManager - INFO - Clearing port 3000...
2025-09-12 17:28:39,387 - ProcessManager - INFO - Port 3000 is now free
2025-09-12 17:28:39,390 - ProcessManager - INFO - Starting SocialX Backend on port 3000...
2025-09-12 17:28:40,047 - ProcessManager - INFO - Port 3000 is now free
2025-09-12 17:28:40,048 - ProcessManager - INFO - SocialX Frontend is not running
2025-09-12 17:28:40,048 - ProcessManager - INFO - Clearing port 5000...
2025-09-12 17:28:40,049 - ProcessManager - INFO - Port 5000 is now free
2025-09-12 17:28:40,049 - ProcessManager - INFO - All services stopped
2025-09-12 17:28:40,214 - ProcessManager - INFO - Clearing port 5000...
2025-09-12 17:28:40,216 - ProcessManager - INFO - Port 5000 is now free
2025-09-12 17:28:40,217 - ProcessManager - INFO - Starting SocialX Frontend on port 5000...
2025-09-12 17:28:42,412 - ProcessManager - INFO - SocialX Backend started successfully (PID: 24837)
2025-09-12 17:28:43,221 - ProcessManager - INFO - SocialX Frontend started successfully (PID: 24850)
2025-09-12 17:29:14,554 - ProcessManager - INFO - SocialX Backend is not running
2025-09-12 17:29:14,554 - ProcessManager - INFO - Clearing port 3000...
2025-09-12 17:29:14,564 - ProcessManager - INFO - Killing process 24837 (python) on port 3000
2025-09-12 17:29:28,777 - ProcessManager - INFO - SocialX Frontend is not running
2025-09-12 17:29:28,777 - ProcessManager - INFO - Clearing port 5000...
2025-09-12 17:29:28,810 - ProcessManager - INFO - Killing process 24862 (node) on port 5000
2025-09-12 17:29:29,840 - ProcessManager - INFO - Port 5000 is now free
